<?xml version="1.0" encoding="UTF-8"?>
<!-- Generated by org.testng.reporters.JUnitXMLReporter -->
<testsuite ignored="0" hostname="DESKTOP-7PKH5IA" failures="0" tests="3" name="smoke and end_to_end execution" time="299.512" errors="0" timestamp="2023-04-08T10:59:00 IST">
  <testcase classname="test_execution.Functional_validation" name="Smoke_test" time="28.341"/>
  <testcase classname="test_execution.End_to_End_validation" name="TL_001_EndtoEnd" time="64.028"/>
  <testcase classname="test_execution.End_to_End_validation" name="TL_002_EndtoEnd" time="51.696"/>
</testsuite> <!-- smoke and end_to_end execution -->
