<?xml version="1.0" encoding="UTF-8"?>
<!-- Generated by org.testng.reporters.JUnitXMLReporter -->
<testsuite ignored="0" hostname="DESKTOP-7PKH5IA" failures="0" tests="3" name="Default test(failed)(failed)" time="212.581" errors="0" timestamp="2023-02-27T00:27:16 IST">
  <testcase classname="test_execution.Functional_validation" name="Smoke_test" time="12.827"/>
  <testcase classname="test_execution.End_to_End_validation" name="TL_001_EndtoEnd" time="45.191"/>
  <testcase classname="test_execution.End_to_End_validation" name="TL_002_EndtoEnd" time="44.3"/>
</testsuite> <!-- Default test(failed)(failed) -->
